<testsuites id="" name="" tests="6" failures="2" skipped="0" errors="0" time="109.82815000000001">
<testsuite name="curiaSystemOthertickets.spec.ts" timestamp="2024-12-16T14:44:22.417Z" hostname="chromium" tests="1" failures="0" skipped="0" time="35.755" errors="0">
<testcase name="Verify User Should Be Able To Create The Other Tickets" classname="curiaSystemOthertickets.spec.ts" time="35.755">
</testcase>
</testsuite>
<testsuite name="curiaSystemsLogin.spec.ts" timestamp="2024-12-16T14:44:22.417Z" hostname="chromium" tests="1" failures="0" skipped="0" time="13.589" errors="0">
<testcase name="Verify User Should Be SignIn Successfully With Valid Credentials" classname="curiaSystemsLogin.spec.ts" time="13.589">
</testcase>
</testsuite>
<testsuite name="curiaSystemOthertickets.spec.ts" timestamp="2024-12-16T14:44:22.417Z" hostname="firefox" tests="1" failures="0" skipped="0" time="34.519" errors="0">
<testcase name="Verify User Should Be Able To Create The Other Tickets" classname="curiaSystemOthertickets.spec.ts" time="34.519">
</testcase>
</testsuite>
<testsuite name="curiaSystemsLogin.spec.ts" timestamp="2024-12-16T14:44:22.417Z" hostname="firefox" tests="1" failures="0" skipped="0" time="13.132" errors="0">
<testcase name="Verify User Should Be SignIn Successfully With Valid Credentials" classname="curiaSystemsLogin.spec.ts" time="13.132">
</testcase>
</testsuite>
<testsuite name="curiaSystemOthertickets.spec.ts" timestamp="2024-12-16T14:44:22.417Z" hostname="webkit" tests="1" failures="1" skipped="0" time="3.526" errors="0">
<testcase name="Verify User Should Be Able To Create The Other Tickets" classname="curiaSystemOthertickets.spec.ts" time="3.526">
<failure message="curiaSystemOthertickets.spec.ts:75:5 Verify User Should Be Able To Create The Other Tickets" type="FAILURE">
<![CDATA[  [webkit] › curiaSystemOthertickets.spec.ts:75:5 › Verify User Should Be Able To Create The Other Tickets 

    Error: page.goto: Target page, context or browser has been closed
    Call log:
      - navigating to "https://curia-dev.azurewebsites.net/jcms/login", waiting until "load"


      58 |   page = await context.newPage();
      59 |   App = new Application(page);
    > 60 |   await page.goto("/jcms/login");
         |              ^
      61 |   await App.CuriaSystmesLoginPage.signIn(data.signInData.municipality, data.signInData.username , data.signInData.password) 
      62 |   await page.waitForTimeout(5000);
      63 |   await expect(page).toHaveURL('/jcms/home');                                                         
        at C:\Users\Monu Sharma\Downloads\curia_system_github_code\curia_system\tests\curiaSystemOthertickets.spec.ts:60:14

    attachment #1: trace (application/zip) ─────────────────────────────────────────────────────────
    test-results\curiaSystemOthertickets-Ve-a9f55-To-Create-The-Other-Tickets-webkit\trace.zip
    Usage:

        npx playwright show-trace test-results\curiaSystemOthertickets-Ve-a9f55-To-Create-The-Other-Tickets-webkit\trace.zip

    ────────────────────────────────────────────────────────────────────────────────────────────────
]]>
</failure>
<system-out>
<![CDATA[
[[ATTACHMENT|test-results\curiaSystemOthertickets-Ve-a9f55-To-Create-The-Other-Tickets-webkit\trace.zip]]
]]>
</system-out>
</testcase>
</testsuite>
<testsuite name="curiaSystemsLogin.spec.ts" timestamp="2024-12-16T14:44:22.417Z" hostname="webkit" tests="1" failures="1" skipped="0" time="3.197" errors="0">
<testcase name="Verify User Should Be SignIn Successfully With Valid Credentials" classname="curiaSystemsLogin.spec.ts" time="3.197">
<failure message="curiaSystemsLogin.spec.ts:30:5 Verify User Should Be SignIn Successfully With Valid Credentials" type="FAILURE">
<![CDATA[  [webkit] › curiaSystemsLogin.spec.ts:30:5 › Verify User Should Be SignIn Successfully With Valid Credentials 

    Error: page.goto: Target page, context or browser has been closed
    Call log:
      - navigating to "https://curia-dev.azurewebsites.net/jcms/login", waiting until "load"


      16 |     page = await context.newPage();
      17 |     App = new Application(page);
    > 18 |     await page.goto('/jcms/login');
         |                ^
      19 | });
      20 |
      21 | test.afterEach(async () => {
        at C:\Users\Monu Sharma\Downloads\curia_system_github_code\curia_system\tests\curiaSystemsLogin.spec.ts:18:16

    attachment #1: trace (application/zip) ─────────────────────────────────────────────────────────
    test-results\curiaSystemsLogin-Verify-U-082e0-ully-With-Valid-Credentials-webkit\trace.zip
    Usage:

        npx playwright show-trace test-results\curiaSystemsLogin-Verify-U-082e0-ully-With-Valid-Credentials-webkit\trace.zip

    ────────────────────────────────────────────────────────────────────────────────────────────────
]]>
</failure>
<system-out>
<![CDATA[
[[ATTACHMENT|test-results\curiaSystemsLogin-Verify-U-082e0-ully-With-Valid-Credentials-webkit\trace.zip]]
]]>
</system-out>
</testcase>
</testsuite>
</testsuites>